<?xml version="1.0" encoding="UTF-8"?>
<!-- Generated by org.testng.reporters.JUnitXMLReporter -->
<testsuite hostname="CIPL-1PC28" ignored="6" name="Default test" tests="4" failures="0" timestamp="29 Sep 2018 18:29:13 GMT" time="12.497" errors="0">
  <testcase name="verifySentinalSignUpPageLayout" time="1.997" classname="com.sentinel.test.SignUpTestSuite"/>
  <testcase name="verifyErrorMessages" time="0.014" classname="com.sentinel.test.SignUpTestSuite"/>
  <testcase name="verifyForgetUsernameOrPasswordPageElements" time="0.829" classname="com.sentinel.test.SignUpTestSuite"/>
  <testcase name="verifyResendUserName" time="9.598" classname="com.sentinel.test.SignUpTestSuite"/>
  <testcase name="verifyOTPErrorMessagesAndInvalidOTPErrorMessages" time="0.0" classname="com.sentinel.test.SignUpTestSuite">
    <ignored/>
  </testcase> <!-- verifyOTPErrorMessagesAndInvalidOTPErrorMessages -->
  <testcase name="verifyMaxLimitValidUsernameInvalidPassword" time="0.0" classname="com.sentinel.test.SignUpTestSuite">
    <ignored/>
  </testcase> <!-- verifyMaxLimitValidUsernameInvalidPassword -->
  <testcase name="verifyResetPasswordFunctionality" time="0.0" classname="com.sentinel.test.SignUpTestSuite">
    <ignored/>
  </testcase> <!-- verifyResetPasswordFunctionality -->
  <testcase name="verifyMaxLimitResendOTPS" time="0.0" classname="com.sentinel.test.SignUpTestSuite">
    <ignored/>
  </testcase> <!-- verifyMaxLimitResendOTPS -->
  <testcase name="verifyResetPasswordErrorMessages" time="0.0" classname="com.sentinel.test.SignUpTestSuite">
    <ignored/>
  </testcase> <!-- verifyResetPasswordErrorMessages -->
  <testcase name="verifyMaxLimitResetPasswordMail" time="0.0" classname="com.sentinel.test.SignUpTestSuite">
    <ignored/>
  </testcase> <!-- verifyMaxLimitResetPasswordMail -->
</testsuite> <!-- Default test -->
