<?xml version="1.0" encoding="UTF-8"?>
<!-- Generated by org.testng.reporters.JUnitXMLReporter -->
<testsuite hostname="CIPL-1PC28" ignored="6" name="Login Page test Cases" tests="4" failures="0" timestamp="03 Oct 2018 07:02:37 GMT" time="4.263" errors="0">
  <testcase name="verifySentinalSignUpPageLayout" time="0.512" classname="com.sentinel.test.SignUpTestSuite"/>
  <testcase name="verifyErrorMessages" time="0.002" classname="com.sentinel.test.SignUpTestSuite"/>
  <testcase name="verifyForgetUsernameOrPasswordPageElements" time="0.818" classname="com.sentinel.test.SignUpTestSuite"/>
  <testcase name="verifyResendUserName" time="2.914" classname="com.sentinel.test.SignUpTestSuite"/>
  <testcase name="verifyMaxLimitValidUsernameInvalidPassword" time="0.0" classname="com.sentinel.test.SignUpTestSuite">
    <ignored/>
  </testcase> <!-- verifyMaxLimitValidUsernameInvalidPassword -->
  <testcase name="verifyOTPErrorMessagesAndInvalidOTPErrorMessages" time="0.0" classname="com.sentinel.test.SignUpTestSuite">
    <ignored/>
  </testcase> <!-- verifyOTPErrorMessagesAndInvalidOTPErrorMessages -->
  <testcase name="verifyResetPasswordFunctionality" time="0.0" classname="com.sentinel.test.SignUpTestSuite">
    <ignored/>
  </testcase> <!-- verifyResetPasswordFunctionality -->
  <testcase name="verifyMaxLimitResendOTPS" time="0.0" classname="com.sentinel.test.SignUpTestSuite">
    <ignored/>
  </testcase> <!-- verifyMaxLimitResendOTPS -->
  <testcase name="verifyResetPasswordErrorMessages" time="0.0" classname="com.sentinel.test.SignUpTestSuite">
    <ignored/>
  </testcase> <!-- verifyResetPasswordErrorMessages -->
  <testcase name="verifyMaxLimitResetPasswordMail" time="0.0" classname="com.sentinel.test.SignUpTestSuite">
    <ignored/>
  </testcase> <!-- verifyMaxLimitResetPasswordMail -->
</testsuite> <!-- Login Page test Cases -->
