<?xml version="1.0" encoding="UTF-8"?>
<!-- Generated by org.testng.reporters.JUnitXMLReporter -->
<testsuite hostname="CIPL-1PC28" ignored="2" tests="0" failures="0" timestamp="03 Oct 2018 07:02:37 GMT" time="0.0" errors="0">
  <testcase name="verifyFacilityCreateErrorMessages" time="0.0" classname="com.sentinel.test.CreateCorporateTestSuite">
    <ignored/>
  </testcase> <!-- verifyFacilityCreateErrorMessages -->
  <testcase name="verifyFacilityCreateLayout" time="0.0" classname="com.sentinel.test.CreateCorporateTestSuite">
    <ignored/>
  </testcase> <!-- verifyFacilityCreateLayout -->
</testsuite>
