<?xml version="1.0" encoding="UTF-8"?>
<testsuite xmlns:xsi="http://www.w3.org/2001/XMLSchema-instance" xsi:noNamespaceSchemaLocation="https://maven.apache.org/surefire/maven-surefire-plugin/xsd/surefire-test-report.xsd" name="TestSuite" time="16.55" tests="4" errors="0" skipped="0" failures="0">
  <properties>
[...]
</properties>
  <testcase name="verifySentinalSignUpPageLayout" classname="com.sentinel.test.SignUpTestSuite" time="0.508"/>
  <testcase name="verifyErrorMessages" classname="com.sentinel.test.SignUpTestSuite" time="0.002"/>
  <testcase name="verifyForgetUsernameOrPasswordPageElements" classname="com.sentinel.test.SignUpTestSuite" time="0.817"/>
  <testcase name="verifyResendUserName" classname="com.sentinel.test.SignUpTestSuite" time="2.914"/>
</testsuite>