<?xml version="1.0" encoding="UTF-8"?>
<testsuite name="Verify Create Corporate Test Cases"
           tests="1"
           failures="1"
           errors="0"
           skipped="0"
           time="0.000">
  <properties />
            <testcase name="DriversetUp" time="0.000" classname="com.sentinel.test.CreateCorporateTestSuite">
                <failure type="java.lang.ClassCastException"
                  message="org.apache.logging.log4j.core.Logger cannot be cast to org.apache.log4j.Logger"
              >
<![CDATA[java.lang.ClassCastException: org.apache.logging.log4j.core.Logger cannot be cast to org.apache.log4j.Logger
  com.sentinel.driver.WebDriverTestBase.initConfig(WebDriverTestBase.java:204)
  com.sentinel.driver.WebDriverTestBase.DriversetUp(WebDriverTestBase.java:67)
  sun.reflect.NativeMethodAccessorImpl.invoke0(Native Method)
  sun.reflect.NativeMethodAccessorImpl.invoke(Unknown Source)
  sun.reflect.DelegatingMethodAccessorImpl.invoke(Unknown Source)
  java.lang.reflect.Method.invoke(Unknown Source)
  org.testng.internal.MethodInvocationHelper.invokeMethod(MethodInvocationHelper.java:104)
  org.testng.internal.Invoker.invokeConfigurationMethod(Invoker.java:515)
  org.testng.internal.Invoker.invokeConfigurations(Invoker.java:217)
  org.testng.internal.Invoker.invokeConfigurations(Invoker.java:144)
  org.testng.SuiteRunner.privateRun(SuiteRunner.java:326)
  org.testng.SuiteRunner.run(SuiteRunner.java:289)
  org.testng.SuiteRunnerWorker.runSuite(SuiteRunnerWorker.java:52)
  org.testng.SuiteRunnerWorker.run(SuiteRunnerWorker.java:86)
  org.testng.TestNG.runSuitesSequentially(TestNG.java:1293)
  org.testng.TestNG.runSuitesLocally(TestNG.java:1218)
  org.testng.TestNG.runSuites(TestNG.java:1133)
  org.testng.TestNG.run(TestNG.java:1104)
  org.apache.maven.surefire.testng.TestNGExecutor.run(TestNGExecutor.java:283)
  org.apache.maven.surefire.testng.TestNGXmlTestSuite.execute(TestNGXmlTestSuite.java:75)
  org.apache.maven.surefire.testng.TestNGProvider.invoke(TestNGProvider.java:120)
  org.apache.maven.surefire.booter.ForkedBooter.invokeProviderInSameClassLoader(ForkedBooter.java:383)
  org.apache.maven.surefire.booter.ForkedBooter.runSuitesInProcess(ForkedBooter.java:344)
  org.apache.maven.surefire.booter.ForkedBooter.execute(ForkedBooter.java:125)
  org.apache.maven.surefire.booter.ForkedBooter.main(ForkedBooter.java:417)
]]>
      </failure>

          </testcase>
  
  
  
</testsuite>
